<?xml version="1.0" encoding="UTF-8"?>
<Site BuildName="Darwin-clang++"
	BuildStamp="20240429-1427-Experimental"
	Name="wlan-192230.nbw.tue.nl"
	Generator="ctest-3.29.2"
	CompilerName="/usr/bin/clang++"
	CompilerVersion="15.0.0.15000040"
	OSName="macOS"
	Hostname="wlan-192230.nbw.tue.nl"
	OSRelease="14.0"
	OSVersion="23A344"
	OSPlatform="x86_64"
	Is64Bits="1"
	VendorString="GenuineIntel"
	VendorID="Intel Corporation"
	FamilyID="6"
	ModelID="142"
	ProcessorCacheSize="32768"
	NumberOfLogicalCPU="8"
	NumberOfPhysicalCPU="4"
	TotalVirtualMemory="5120"
	TotalPhysicalMemory="8192"
	LogicalProcessorsPerPhysical="8"
	ProcessorClockFrequency="1400"
	>
	<Testing>
		<StartDateTime>Apr 29 18:23 CEST</StartDateTime>
		<StartTestTime>1714407829</StartTestTime>
		<TestList/>
		<EndDateTime>Apr 29 18:23 CEST</EndDateTime>
		<EndTestTime>1714407829</EndTestTime>
		<ElapsedMinutes>0</ElapsedMinutes>
	</Testing>
</Site>
